{
  "test_session_id": "20250629_015206",
  "timestamp": "2025-06-29T01:52:27.799893",
  "phases": {
    "build_validation": {
      "phase": "build_validation",
      "steps": [
        {
          "step": "cmake_config",
          "status": "success"
        },
        {
          "step": "kernel_build",
          "status": "failed",
          "error": ""
        },
        {
          "step": "executable_validation",
          "status": "failed"
        }
      ]
    },
    "consciousness_runtime": {
      "phase": "consciousness_runtime",
      "metrics": {},
      "status": "skipped - no executable"
    },
    "metadata_abstraction": {
      "phase": "metadata_abstraction",
      "validations": [],
      "abstracted_files_count": 0
    },
    "integrated_testing": {
      "phase": "integrated_testing",
      "orchestrators": {
        "powershell": {
          "status": "failed",
          "error": "En C:\\dev\\AIOS\\scripts\\comprehensive_test_orchestrator.ps1: 311 \nCar\u00a0cter: 1\n+ }\n+ ~\nToken '}' inesperado en la expresi\u00a2n o la instrucci\u00a2n.\nEn C:\\dev\\AIOS\\scripts\\comprehensive_test_orchestrator.ps1: 726 \nCar\u00a0cter: 20\n+     Write-TestLog \"Starting comprehensive AIOS test orchestration\"\n+                    ~~~~~~~~\nToken 'Starting' inesperado en la expresi\u00a2n o la instrucci\u00a2n.\nEn C:\\dev\\AIOS\\scripts\\comprehensive_test_orchestrator.ps1: 785 \nCar\u00a0cter: 51\n+     .\\comprehensive_test_orchestrator.ps1 [-Phase <phase>] \n[-Verbose] ...\n+                                                   ~\nEl operador '<' est\u00a0 reservado para uso futuro.\nEn C:\\dev\\AIOS\\scripts\\comprehensive_test_orchestrator.ps1: 785 \nCar\u00a0cter: 97\n+ ... tor.ps1 [-Phase <phase>] [-Verbose] [-CleanStart] [-OutputDir \n<path>]\n+                                                                   ~\nEl operador '<' est\u00a0 reservado para uso futuro.\nEn C:\\dev\\AIOS\\scripts\\comprehensive_test_orchestrator.ps1: 788 \nCar\u00a0cter: 12\n+     -Phase <phase>      Run specific phase (1-4) or \"all\" (default)\n+            ~\nEl operador '<' est\u00a0 reservado para uso futuro.\nEn C:\\dev\\AIOS\\scripts\\comprehensive_test_orchestrator.ps1: 791 \nCar\u00a0cter: 16\n+     -OutputDir <path>   Output directory for test results\n+                ~\nEl operador '<' est\u00a0 reservado para uso futuro.\nEn C:\\dev\\AIOS\\scripts\\comprehensive_test_orchestrator.ps1: 794 \nCar\u00a0cter: 8\n+     1. Build System Validation\n+        ~~~~~\nToken 'Build' inesperado en la expresi\u00a2n o la instrucci\u00a2n.\nEn C:\\dev\\AIOS\\scripts\\comprehensive_test_orchestrator.ps1: 795 \nCar\u00a0cter: 8\n+     2. Runtime Execution Testing\n+        ~~~~~~~\nToken 'Runtime' inesperado en la expresi\u00a2n o la instrucci\u00a2n.\nEn C:\\dev\\AIOS\\scripts\\comprehensive_test_orchestrator.ps1: 796 \nCar\u00a0cter: 8\n+     3. Logging & Metadata Validation\n+        ~~~~~~~\nToken 'Logging' inesperado en la expresi\u00a2n o la instrucci\u00a2n.\nEn C:\\dev\\AIOS\\scripts\\comprehensive_test_orchestrator.ps1: 796 \nCar\u00a0cter: 16\n+     3. Logging & Metadata Validation\n+                ~\nNo se permite usar el car\u00a0cter de Y comercial (&). El operador & est\u00a0 \nreservado para un uso futuro; encierre un s\u00a1mbolo de Y comercial \nentre comillas dobles (\"&\") para pasarlo como parte de una cadena.\nNo se notificaron todos los errores de an\u00a0lisis. Corrija los errores \nnotificados e int\u201antelo de nuevo.\n    + CategoryInfo          : ParserError: (:) [], ParentContainsErro \n   rRecordException\n    + FullyQualifiedErrorId : UnexpectedToken\n \n"
        },
        "python": {
          "status": "failed",
          "error": "Traceback (most recent call last):\n  File \"c:\\dev\\AIOS\\scripts\\comprehensive_test_orchestrator.py\", line 617, in run_comprehensive_test\n    self.phase_1_build_validation()\n    ~~~~~~~~~~~~~~~~~~~~~~~~~~~~~^^\n  File \"c:\\dev\\AIOS\\scripts\\comprehensive_test_orchestrator.py\", line 100, in phase_1_build_validation\n    self.print_phase_header(\n    ~~~~~~~~~~~~~~~~~~~~~~~^\n        \"PHASE 1: Build System Validation\",\n        ^^^^^^^^^^^^^^^^^^^^^^^^^^^^^^^^^^^\n        \"Clean environment, dependency checks, incremental component testing\"\n        ^^^^^^^^^^^^^^^^^^^^^^^^^^^^^^^^^^^^^^^^^^^^^^^^^^^^^^^^^^^^^^^^^^^^^\n    )\n    ^\n  File \"c:\\dev\\AIOS\\scripts\\comprehensive_test_orchestrator.py\", line 64, in print_phase_header\n    print(f\"\\U0001f52c {phase_name}\")\n    ~~~~~^^^^^^^^^^^^^^^^^^^^\n  File \"C:\\Python313\\Lib\\encodings\\cp1252.py\", line 19, in encode\n    return codecs.charmap_encode(input,self.errors,encoding_table)[0]\n           ~~~~~~~~~~~~~~~~~~~~~^^^^^^^^^^^^^^^^^^^^^^^^^^^^^^^^^^\nUnicodeEncodeError: 'charmap' codec can't encode character '\\U0001f52c' in position 0: character maps to <undefined>\n\nDuring handling of the above exception, another exception occurred:\n\nTraceback (most recent call last):\n  File \"c:\\dev\\AIOS\\scripts\\comprehensive_test_orchestrator.py\", line 630, in run_comprehensive_test\n    print(f\"\\n\\u274c Test orchestration failed: {str(e)}\")\n    ~~~~~^^^^^^^^^^^^^^^^^^^^^^^^^^^^^^^^^^^^^^^^^^^^^\n  File \"C:\\Python313\\Lib\\encodings\\cp1252.py\", line 19, in encode\n    return codecs.charmap_encode(input,self.errors,encoding_table)[0]\n           ~~~~~~~~~~~~~~~~~~~~~^^^^^^^^^^^^^^^^^^^^^^^^^^^^^^^^^^\nUnicodeEncodeError: 'charmap' codec can't encode character '\\u274c' in position 2: character maps to <undefined>\n\nDuring handling of the above exception, another exception occurred:\n\nTraceback (most recent call last):\n  File \"c:\\dev\\AIOS\\scripts\\comprehensive_test_orchestrator.py\", line 680, in <module>\n    main()\n    ~~~~^^\n  File \"c:\\dev\\AIOS\\scripts\\comprehensive_test_orchestrator.py\", line 677, in main\n    orchestrator.run_comprehensive_test()\n    ~~~~~~~~~~~~~~~~~~~~~~~~~~~~~~~~~~~^^\n  File \"c:\\dev\\AIOS\\scripts\\comprehensive_test_orchestrator.py\", line 636, in run_comprehensive_test\n    print(f\"\\n\\u23f1\\ufe0f  Total test duration: {duration:.2f} seconds\")\n    ~~~~~^^^^^^^^^^^^^^^^^^^^^^^^^^^^^^^^^^^^^^^^^^^^^^^^^^^^^^\n  File \"C:\\Python313\\Lib\\encodings\\cp1252.py\", line 19, in encode\n    return codecs.charmap_encode(input,self.errors,encoding_table)[0]\n           ~~~~~~~~~~~~~~~~~~~~~^^^^^^^^^^^^^^^^^^^^^^^^^^^^^^^^^^\nUnicodeEncodeError: 'charmap' codec can't encode characters in position 2-3: character maps to <undefined>\n"
        }
      },
      "success_rate": 0.0
    }
  },
  "overall_assessment": {
    "success_rate": 0.25,
    "successful_phases": 1,
    "total_phases": 4,
    "status": "critical",
    "consciousness_emergence_detected": false
  },
  "recommendations": [
    "Major system failures require comprehensive debugging",
    "Debug consciousness initialization and emergence mechanisms"
  ],
  "next_steps": [
    "Start with basic component validation and build system"
  ]
}